<?xml version="1.0" encoding="UTF-8"?>
<testsuite name="edu.jsu.mcis.VolumeCalculatorTest" tests="6" skipped="0" failures="0" errors="0" timestamp="2017-02-24T00:09:10" hostname="HOLLY" time="0.03">
  <properties/>
  <testcase name="testgenArg" classname="edu.jsu.mcis.VolumeCalculatorTest" time="0.006"/>
  <testcase name="parseArgs" classname="edu.jsu.mcis.VolumeCalculatorTest" time="0.001"/>
  <testcase name="addArgsGenArg" classname="edu.jsu.mcis.VolumeCalculatorTest" time="0.0"/>
  <testcase name="TooFewArgs" classname="edu.jsu.mcis.VolumeCalculatorTest" time="0.003"/>
  <testcase name="TooManyArgs" classname="edu.jsu.mcis.VolumeCalculatorTest" time="0.002"/>
  <testcase name="addArgsMultArguments" classname="edu.jsu.mcis.VolumeCalculatorTest" time="0.002"/>
  <system-out><![CDATA[]]></system-out>
  <system-err><![CDATA[]]></system-err>
</testsuite>
